{
  message: 'Database connected successfully',
  level: 'info',
  label: 'CH',
  timestamp: '2024-11-11T05:19:56.134Z'
}
{
  message: 'Cow hut bakend runing on port 5000',
  level: 'info',
  label: 'CH',
  timestamp: '2024-11-11T05:19:56.143Z'
}
{
  message: 'Database connected successfully',
  level: 'info',
  label: 'CH',
  timestamp: '2024-11-11T05:42:20.565Z'
}
{
  message: 'Cow hut bakend runing on port 5000',
  level: 'info',
  label: 'CH',
  timestamp: '2024-11-11T05:42:20.575Z'
}
{
  message: 'Database connected successfully',
  level: 'info',
  label: 'CH',
  timestamp: '2024-11-11T05:52:36.988Z'
}
{
  message: 'Cow hut bakend runing on port 5000',
  level: 'info',
  label: 'CH',
  timestamp: '2024-11-11T05:52:37.006Z'
}
{
  message: 'Database connected successfully',
  level: 'info',
  label: 'CH',
  timestamp: '2024-11-11T05:56:13.517Z'
}
{
  message: 'Cow hut bakend runing on port 5000',
  level: 'info',
  label: 'CH',
  timestamp: '2024-11-11T05:56:13.538Z'
}
{
  message: 'Database connected successfully',
  level: 'info',
  label: 'CH',
  timestamp: '2024-11-11T05:56:49.335Z'
}
{
  message: 'Cow hut bakend runing on port 5000',
  level: 'info',
  label: 'CH',
  timestamp: '2024-11-11T05:56:49.358Z'
}
{
  message: 'Database connected successfully',
  level: 'info',
  label: 'CH',
  timestamp: '2024-11-11T05:59:57.325Z'
}
{
  message: 'Cow hut bakend runing on port 5000',
  level: 'info',
  label: 'CH',
  timestamp: '2024-11-11T05:59:57.339Z'
}
