{
  message: 'Database connected successfully',
  level: 'info',
  label: 'CH',
  timestamp: '2024-11-11T08:05:46.404Z'
}
{
  message: 'Cow hut bakend runing on port 5000',
  level: 'info',
  label: 'CH',
  timestamp: '2024-11-11T08:05:46.420Z'
}
{
  message: 'Database connected successfully',
  level: 'info',
  label: 'CH',
  timestamp: '2024-11-11T08:10:28.750Z'
}
{
  message: 'Cow hut bakend runing on port 5000',
  level: 'info',
  label: 'CH',
  timestamp: '2024-11-11T08:10:28.759Z'
}
{
  message: 'Database connected successfully',
  level: 'info',
  label: 'CH',
  timestamp: '2024-11-11T08:10:52.274Z'
}
{
  message: 'Cow hut bakend runing on port 5000',
  level: 'info',
  label: 'CH',
  timestamp: '2024-11-11T08:10:52.291Z'
}
{
  message: 'Database connected successfully',
  level: 'info',
  label: 'CH',
  timestamp: '2024-11-11T08:11:54.231Z'
}
{
  message: 'Cow hut bakend runing on port 5000',
  level: 'info',
  label: 'CH',
  timestamp: '2024-11-11T08:11:54.239Z'
}
{
  message: 'Database connected successfully',
  level: 'info',
  label: 'CH',
  timestamp: '2024-11-11T08:11:57.807Z'
}
{
  message: 'Cow hut bakend runing on port 5000',
  level: 'info',
  label: 'CH',
  timestamp: '2024-11-11T08:11:57.825Z'
}
{
  message: 'Database connected successfully',
  level: 'info',
  label: 'CH',
  timestamp: '2024-11-11T08:13:07.304Z'
}
{
  message: 'Cow hut bakend runing on port 5000',
  level: 'info',
  label: 'CH',
  timestamp: '2024-11-11T08:13:07.317Z'
}
{
  message: 'Database connected successfully',
  level: 'info',
  label: 'CH',
  timestamp: '2024-11-11T08:24:58.460Z'
}
{
  message: 'Cow hut bakend runing on port 5000',
  level: 'info',
  label: 'CH',
  timestamp: '2024-11-11T08:24:58.471Z'
}
