{
  message: 'Database connected successfully',
  level: 'info',
  label: 'CH',
  timestamp: '2024-11-21T04:53:02.605Z'
}
{
  message: 'Cow hut bakend runing on port 5000',
  level: 'info',
  label: 'CH',
  timestamp: '2024-11-21T04:53:02.622Z'
}
{
  message: 'Database connected successfully',
  level: 'info',
  label: 'CH',
  timestamp: '2024-11-21T04:53:23.904Z'
}
{
  message: 'Cow hut bakend runing on port 5000',
  level: 'info',
  label: 'CH',
  timestamp: '2024-11-21T04:53:23.918Z'
}
{
  message: 'Database connected successfully',
  level: 'info',
  label: 'CH',
  timestamp: '2024-11-21T04:56:18.090Z'
}
{
  message: 'Cow hut bakend runing on port 5000',
  level: 'info',
  label: 'CH',
  timestamp: '2024-11-21T04:56:18.116Z'
}
{
  message: 'Database connected successfully',
  level: 'info',
  label: 'CH',
  timestamp: '2024-11-21T04:57:10.524Z'
}
{
  message: 'Cow hut bakend runing on port 5000',
  level: 'info',
  label: 'CH',
  timestamp: '2024-11-21T04:57:10.553Z'
}
{
  message: 'Database connected successfully',
  level: 'info',
  label: 'CH',
  timestamp: '2024-11-21T04:57:32.480Z'
}
{
  message: 'Cow hut bakend runing on port 5000',
  level: 'info',
  label: 'CH',
  timestamp: '2024-11-21T04:57:32.500Z'
}
