{
  message: 'Database connected successfully',
  level: 'info',
  label: 'CH',
  timestamp: '2024-11-21T08:03:25.523Z'
}
{
  message: 'Cow hut bakend runing on port 5000',
  level: 'info',
  label: 'CH',
  timestamp: '2024-11-21T08:03:25.532Z'
}
{
  message: 'Database connected successfully',
  level: 'info',
  label: 'CH',
  timestamp: '2024-11-21T08:03:29.636Z'
}
{
  message: 'Cow hut bakend runing on port 5000',
  level: 'info',
  label: 'CH',
  timestamp: '2024-11-21T08:03:29.651Z'
}
{
  message: 'Database connected successfully',
  level: 'info',
  label: 'CH',
  timestamp: '2024-11-21T08:09:31.288Z'
}
{
  message: 'Cow hut bakend runing on port 5000',
  level: 'info',
  label: 'CH',
  timestamp: '2024-11-21T08:09:31.297Z'
}
{
  message: 'Database connected successfully',
  level: 'info',
  label: 'CH',
  timestamp: '2024-11-21T08:14:46.094Z'
}
{
  message: 'Cow hut bakend runing on port 5000',
  level: 'info',
  label: 'CH',
  timestamp: '2024-11-21T08:14:46.106Z'
}
{
  message: 'Database connected successfully',
  level: 'info',
  label: 'CH',
  timestamp: '2024-11-21T08:15:11.157Z'
}
{
  message: 'Cow hut bakend runing on port 5000',
  level: 'info',
  label: 'CH',
  timestamp: '2024-11-21T08:15:11.173Z'
}
{
  message: 'Database connected successfully',
  level: 'info',
  label: 'CH',
  timestamp: '2024-11-21T08:16:26.836Z'
}
{
  message: 'Cow hut bakend runing on port 5000',
  level: 'info',
  label: 'CH',
  timestamp: '2024-11-21T08:16:26.841Z'
}
{
  message: 'Database connected successfully',
  level: 'info',
  label: 'CH',
  timestamp: '2024-11-21T08:17:07.527Z'
}
{
  message: 'Cow hut bakend runing on port 5000',
  level: 'info',
  label: 'CH',
  timestamp: '2024-11-21T08:17:07.533Z'
}
{
  message: 'Database connected successfully',
  level: 'info',
  label: 'CH',
  timestamp: '2024-11-21T08:17:40.217Z'
}
{
  message: 'Cow hut bakend runing on port 5000',
  level: 'info',
  label: 'CH',
  timestamp: '2024-11-21T08:17:40.222Z'
}
{
  message: 'Database connected successfully',
  level: 'info',
  label: 'CH',
  timestamp: '2024-11-21T08:17:58.348Z'
}
{
  message: 'Cow hut bakend runing on port 5000',
  level: 'info',
  label: 'CH',
  timestamp: '2024-11-21T08:17:58.354Z'
}
{
  message: 'Database connected successfully',
  level: 'info',
  label: 'CH',
  timestamp: '2024-11-21T08:19:28.314Z'
}
{
  message: 'Cow hut bakend runing on port 5000',
  level: 'info',
  label: 'CH',
  timestamp: '2024-11-21T08:19:28.327Z'
}
{
  message: 'Database connected successfully',
  level: 'info',
  label: 'CH',
  timestamp: '2024-11-21T08:19:40.611Z'
}
{
  message: 'Cow hut bakend runing on port 5000',
  level: 'info',
  label: 'CH',
  timestamp: '2024-11-21T08:19:40.624Z'
}
{
  message: 'Database connected successfully',
  level: 'info',
  label: 'CH',
  timestamp: '2024-11-21T08:24:37.975Z'
}
{
  message: 'Cow hut bakend runing on port 5000',
  level: 'info',
  label: 'CH',
  timestamp: '2024-11-21T08:24:37.982Z'
}
{
  message: 'Database connected successfully',
  level: 'info',
  label: 'CH',
  timestamp: '2024-11-21T08:24:52.234Z'
}
{
  message: 'Cow hut bakend runing on port 5000',
  level: 'info',
  label: 'CH',
  timestamp: '2024-11-21T08:24:52.248Z'
}
{
  message: 'Database connected successfully',
  level: 'info',
  label: 'CH',
  timestamp: '2024-11-21T08:26:47.533Z'
}
{
  message: 'Cow hut bakend runing on port 5000',
  level: 'info',
  label: 'CH',
  timestamp: '2024-11-21T08:26:47.538Z'
}
