{
  message: 'Database connected successfully',
  level: 'info',
  label: 'CH',
  timestamp: '2024-11-07T06:07:16.215Z'
}
{
  message: 'Cow hut bakend runing on port 5000',
  level: 'info',
  label: 'CH',
  timestamp: '2024-11-07T06:07:16.258Z'
}
{
  message: 'Database connected successfully',
  level: 'info',
  label: 'CH',
  timestamp: '2024-11-07T06:07:25.940Z'
}
{
  message: 'Cow hut bakend runing on port 5000',
  level: 'info',
  label: 'CH',
  timestamp: '2024-11-07T06:07:25.965Z'
}
{
  message: 'Database connected successfully',
  level: 'info',
  label: 'CH',
  timestamp: '2024-11-07T06:08:02.705Z'
}
{
  message: 'Cow hut bakend runing on port 5000',
  level: 'info',
  label: 'CH',
  timestamp: '2024-11-07T06:08:02.727Z'
}
{
  message: 'Database connected successfully',
  level: 'info',
  label: 'CH',
  timestamp: '2024-11-07T06:08:14.824Z'
}
{
  message: 'Cow hut bakend runing on port 5000',
  level: 'info',
  label: 'CH',
  timestamp: '2024-11-07T06:08:14.851Z'
}
{
  message: 'Database connected successfully',
  level: 'info',
  label: 'CH',
  timestamp: '2024-11-07T06:08:52.365Z'
}
{
  message: 'Cow hut bakend runing on port 5000',
  level: 'info',
  label: 'CH',
  timestamp: '2024-11-07T06:08:52.390Z'
}
{
  message: 'Database connected successfully',
  level: 'info',
  label: 'CH',
  timestamp: '2024-11-07T06:09:01.481Z'
}
{
  message: 'Cow hut bakend runing on port 5000',
  level: 'info',
  label: 'CH',
  timestamp: '2024-11-07T06:09:01.502Z'
}
{
  message: 'Database connected successfully',
  level: 'info',
  label: 'CH',
  timestamp: '2024-11-07T06:09:21.151Z'
}
{
  message: 'Cow hut bakend runing on port 5000',
  level: 'info',
  label: 'CH',
  timestamp: '2024-11-07T06:09:21.183Z'
}
{
  message: 'Database connected successfully',
  level: 'info',
  label: 'CH',
  timestamp: '2024-11-07T06:10:07.399Z'
}
{
  message: 'Cow hut bakend runing on port 5000',
  level: 'info',
  label: 'CH',
  timestamp: '2024-11-07T06:10:07.426Z'
}
