{
  message: 'Database connected successfully',
  level: 'info',
  label: 'DCH!',
  timestamp: '2024-11-03T15:03:37.232Z'
}
{
  message: 'Cow hut bakend runing on port 5000',
  level: 'info',
  label: 'DCH!',
  timestamp: '2024-11-03T15:03:37.259Z'
}
{
  message: 'Database connected successfully',
  level: 'info',
  label: 'DCH!',
  timestamp: '2024-11-03T15:05:34.176Z'
}
{
  message: 'Cow hut bakend runing on port 5000',
  level: 'info',
  label: 'DCH!',
  timestamp: '2024-11-03T15:05:34.189Z'
}
{
  message: 'Database connected successfully',
  level: 'info',
  label: 'DCH!',
  timestamp: '2024-11-03T15:06:29.710Z'
}
{
  message: 'Cow hut bakend runing on port 5000',
  level: 'info',
  label: 'DCH!',
  timestamp: '2024-11-03T15:06:29.725Z'
}
{
  message: 'Database connected successfully',
  level: 'info',
  label: 'DCH!',
  timestamp: '2024-11-03T15:08:59.286Z'
}
{
  message: 'Cow hut bakend runing on port 5000',
  level: 'info',
  label: 'DCH!',
  timestamp: '2024-11-03T15:08:59.313Z'
}
{
  message: 'Database connected successfully',
  level: 'info',
  label: 'DCH!',
  timestamp: '2024-11-03T15:09:43.347Z'
}
{
  message: 'Cow hut bakend runing on port 5000',
  level: 'info',
  label: 'DCH!',
  timestamp: '2024-11-03T15:09:43.373Z'
}
{
  message: 'Database connected successfully',
  level: 'info',
  label: 'DCH!',
  timestamp: '2024-11-03T15:12:46.087Z'
}
{
  message: 'Cow hut bakend runing on port 5000',
  level: 'info',
  label: 'DCH!',
  timestamp: '2024-11-03T15:12:46.104Z'
}
{
  message: 'Database connected successfully',
  level: 'info',
  label: 'DCH!',
  timestamp: '2024-11-03T15:14:24.725Z'
}
{
  message: 'Cow hut bakend runing on port 5000',
  level: 'info',
  label: 'DCH!',
  timestamp: '2024-11-03T15:14:24.738Z'
}
{
  message: 'Database connected successfully',
  level: 'info',
  label: 'DCH!',
  timestamp: '2024-11-03T15:17:57.723Z'
}
{
  message: 'Cow hut bakend runing on port 5000',
  level: 'info',
  label: 'DCH!',
  timestamp: '2024-11-03T15:17:57.734Z'
}
{
  message: 'Database connected successfully',
  level: 'info',
  label: 'DCH!',
  timestamp: '2024-11-03T15:18:19.692Z'
}
{
  message: 'Cow hut bakend runing on port 5000',
  level: 'info',
  label: 'DCH!',
  timestamp: '2024-11-03T15:18:19.720Z'
}
{
  message: 'Database connected successfully',
  level: 'info',
  label: 'DCH!',
  timestamp: '2024-11-03T15:19:00.658Z'
}
{
  message: 'Cow hut bakend runing on port 5000',
  level: 'info',
  label: 'DCH!',
  timestamp: '2024-11-03T15:19:00.683Z'
}
{
  message: 'Database connected successfully',
  level: 'info',
  label: 'DCH!',
  timestamp: '2024-11-03T15:26:31.709Z'
}
{
  message: 'Cow hut bakend runing on port 5000',
  level: 'info',
  label: 'DCH!',
  timestamp: '2024-11-03T15:26:31.730Z'
}
{
  message: 'Database connected successfully',
  level: 'info',
  label: 'DCH!',
  timestamp: '2024-11-03T15:27:05.328Z'
}
{
  message: 'Cow hut bakend runing on port 5000',
  level: 'info',
  label: 'DCH!',
  timestamp: '2024-11-03T15:27:05.344Z'
}
{
  message: 'Database connected successfully',
  level: 'info',
  label: 'DCH!',
  timestamp: '2024-11-03T15:27:44.351Z'
}
{
  message: 'Cow hut bakend runing on port 5000',
  level: 'info',
  label: 'DCH!',
  timestamp: '2024-11-03T15:27:44.364Z'
}
{
  message: 'Database connected successfully',
  level: 'info',
  label: 'DCH!',
  timestamp: '2024-11-03T15:30:25.820Z'
}
{
  message: 'Cow hut bakend runing on port 5000',
  level: 'info',
  label: 'DCH!',
  timestamp: '2024-11-03T15:30:25.843Z'
}
{
  message: 'Database connected successfully',
  level: 'info',
  label: 'DCH!',
  timestamp: '2024-11-03T15:30:59.864Z'
}
{
  message: 'Cow hut bakend runing on port 5000',
  level: 'info',
  label: 'DCH!',
  timestamp: '2024-11-03T15:30:59.886Z'
}
