{
  message: 'Database connected successfully',
  level: 'info',
  label: 'DCH!',
  timestamp: '2024-11-03T14:19:42.450Z'
}
{
  message: 'Cow hut bakend runing on port 5000',
  level: 'info',
  label: 'DCH!',
  timestamp: '2024-11-03T14:19:42.473Z'
}
{
  message: 'Database connected successfully',
  level: 'info',
  label: 'DCH!',
  timestamp: '2024-11-03T14:22:53.101Z'
}
{
  message: 'Cow hut bakend runing on port 5000',
  level: 'info',
  label: 'DCH!',
  timestamp: '2024-11-03T14:22:53.126Z'
}
{
  message: 'Database connected successfully',
  level: 'info',
  label: 'DCH!',
  timestamp: '2024-11-03T14:25:02.354Z'
}
{
  message: 'Cow hut bakend runing on port 5000',
  level: 'info',
  label: 'DCH!',
  timestamp: '2024-11-03T14:25:02.376Z'
}
{
  message: 'Database connected successfully',
  level: 'info',
  label: 'DCH!',
  timestamp: '2024-11-03T14:29:04.543Z'
}
{
  message: 'Cow hut bakend runing on port 5000',
  level: 'info',
  label: 'DCH!',
  timestamp: '2024-11-03T14:29:04.560Z'
}
{
  message: 'Database connected successfully',
  level: 'info',
  label: 'DCH!',
  timestamp: '2024-11-03T14:29:27.453Z'
}
{
  message: 'Cow hut bakend runing on port 5000',
  level: 'info',
  label: 'DCH!',
  timestamp: '2024-11-03T14:29:27.480Z'
}
{
  message: 'Database connected successfully',
  level: 'info',
  label: 'DCH!',
  timestamp: '2024-11-03T14:30:34.741Z'
}
{
  message: 'Cow hut bakend runing on port 5000',
  level: 'info',
  label: 'DCH!',
  timestamp: '2024-11-03T14:30:34.770Z'
}
{
  message: 'Database connected successfully',
  level: 'info',
  label: 'DCH!',
  timestamp: '2024-11-03T14:31:32.348Z'
}
{
  message: 'Cow hut bakend runing on port 5000',
  level: 'info',
  label: 'DCH!',
  timestamp: '2024-11-03T14:31:32.378Z'
}
{
  message: 'Database connected successfully',
  level: 'info',
  label: 'DCH!',
  timestamp: '2024-11-03T14:32:14.881Z'
}
{
  message: 'Cow hut bakend runing on port 5000',
  level: 'info',
  label: 'DCH!',
  timestamp: '2024-11-03T14:32:14.906Z'
}
{
  message: 'Database connected successfully',
  level: 'info',
  label: 'DCH!',
  timestamp: '2024-11-03T14:34:05.512Z'
}
{
  message: 'Cow hut bakend runing on port 5000',
  level: 'info',
  label: 'DCH!',
  timestamp: '2024-11-03T14:34:05.539Z'
}
{
  message: 'Database connected successfully',
  level: 'info',
  label: 'DCH!',
  timestamp: '2024-11-03T14:34:44.643Z'
}
{
  message: 'Cow hut bakend runing on port 5000',
  level: 'info',
  label: 'DCH!',
  timestamp: '2024-11-03T14:34:44.665Z'
}
{
  message: 'Database connected successfully',
  level: 'info',
  label: 'DCH!',
  timestamp: '2024-11-03T14:35:15.013Z'
}
{
  message: 'Cow hut bakend runing on port 5000',
  level: 'info',
  label: 'DCH!',
  timestamp: '2024-11-03T14:35:15.037Z'
}
{
  message: 'Database connected successfully',
  level: 'info',
  label: 'DCH!',
  timestamp: '2024-11-03T14:36:46.057Z'
}
{
  message: 'Cow hut bakend runing on port 5000',
  level: 'info',
  label: 'DCH!',
  timestamp: '2024-11-03T14:36:46.088Z'
}
{
  message: 'Database connected successfully',
  level: 'info',
  label: 'DCH!',
  timestamp: '2024-11-03T14:39:44.486Z'
}
{
  message: 'Cow hut bakend runing on port 5000',
  level: 'info',
  label: 'DCH!',
  timestamp: '2024-11-03T14:39:44.515Z'
}
{
  message: 'Database connected successfully',
  level: 'info',
  label: 'DCH!',
  timestamp: '2024-11-03T14:40:33.668Z'
}
{
  message: 'Cow hut bakend runing on port 5000',
  level: 'info',
  label: 'DCH!',
  timestamp: '2024-11-03T14:40:33.694Z'
}
{
  message: 'Database connected successfully',
  level: 'info',
  label: 'DCH!',
  timestamp: '2024-11-03T14:41:22.788Z'
}
{
  message: 'Cow hut bakend runing on port 5000',
  level: 'info',
  label: 'DCH!',
  timestamp: '2024-11-03T14:41:22.812Z'
}
{
  message: 'Database connected successfully',
  level: 'info',
  label: 'DCH!',
  timestamp: '2024-11-03T14:43:21.650Z'
}
{
  message: 'Cow hut bakend runing on port 5000',
  level: 'info',
  label: 'DCH!',
  timestamp: '2024-11-03T14:43:21.680Z'
}
{
  message: 'Database connected successfully',
  level: 'info',
  label: 'DCH!',
  timestamp: '2024-11-03T14:46:42.732Z'
}
{
  message: 'Cow hut bakend runing on port 5000',
  level: 'info',
  label: 'DCH!',
  timestamp: '2024-11-03T14:46:42.748Z'
}
{
  message: 'Database connected successfully',
  level: 'info',
  label: 'DCH!',
  timestamp: '2024-11-03T14:47:13.120Z'
}
{
  message: 'Cow hut bakend runing on port 5000',
  level: 'info',
  label: 'DCH!',
  timestamp: '2024-11-03T14:47:13.145Z'
}
{
  message: 'Database connected successfully',
  level: 'info',
  label: 'DCH!',
  timestamp: '2024-11-03T14:47:35.858Z'
}
{
  message: 'Cow hut bakend runing on port 5000',
  level: 'info',
  label: 'DCH!',
  timestamp: '2024-11-03T14:47:35.869Z'
}
{
  message: 'Database connected successfully',
  level: 'info',
  label: 'DCH!',
  timestamp: '2024-11-03T14:48:04.001Z'
}
{
  message: 'Cow hut bakend runing on port 5000',
  level: 'info',
  label: 'DCH!',
  timestamp: '2024-11-03T14:48:04.011Z'
}
{
  message: 'Database connected successfully',
  level: 'info',
  label: 'DCH!',
  timestamp: '2024-11-03T14:48:45.402Z'
}
{
  message: 'Cow hut bakend runing on port 5000',
  level: 'info',
  label: 'DCH!',
  timestamp: '2024-11-03T14:48:45.429Z'
}
{
  message: 'Database connected successfully',
  level: 'info',
  label: 'DCH!',
  timestamp: '2024-11-03T14:51:36.466Z'
}
{
  message: 'Cow hut bakend runing on port 5000',
  level: 'info',
  label: 'DCH!',
  timestamp: '2024-11-03T14:51:36.478Z'
}
{
  message: 'Database connected successfully',
  level: 'info',
  label: 'DCH!',
  timestamp: '2024-11-03T14:51:59.578Z'
}
{
  message: 'Cow hut bakend runing on port 5000',
  level: 'info',
  label: 'DCH!',
  timestamp: '2024-11-03T14:51:59.599Z'
}
{
  message: 'Database connected successfully',
  level: 'info',
  label: 'DCH!',
  timestamp: '2024-11-03T14:54:12.304Z'
}
{
  message: 'Cow hut bakend runing on port 5000',
  level: 'info',
  label: 'DCH!',
  timestamp: '2024-11-03T14:54:12.329Z'
}
{
  message: 'Database connected successfully',
  level: 'info',
  label: 'DCH!',
  timestamp: '2024-11-03T14:57:32.689Z'
}
{
  message: 'Cow hut bakend runing on port 5000',
  level: 'info',
  label: 'DCH!',
  timestamp: '2024-11-03T14:57:32.714Z'
}
